<?xml version="1.0" encoding="UTF-8"?>
<testsuite xmlns:xsi="http://www.w3.org/2001/XMLSchema-instance" xsi:noNamespaceSchemaLocation="https://maven.apache.org/surefire/maven-surefire-plugin/xsd/surefire-test-report.xsd" name="UserServiceImplIntegrationTest" time="6.52" tests="13" errors="0" skipped="0" failures="0">
  <properties>
[...]
</properties>
  <testcase name="whenValidId_thenUserShouldBeFound" classname="ru.dnina.server.testIntegration.services.UserServiceImplIntegrationTest" time="0.553"/>
  <testcase name="whenNotValidId_thenUserBeNotFoundForUpdate" classname="ru.dnina.server.testIntegration.services.UserServiceImplIntegrationTest" time="0.463"/>
  <testcase name="whenValidId_thenUserShouldBeFoundForUpdate" classname="ru.dnina.server.testIntegration.services.UserServiceImplIntegrationTest" time="0.368"/>
  <testcase name="whenNotValidId_thenPasswordUserNotUpdate" classname="ru.dnina.server.testIntegration.services.UserServiceImplIntegrationTest" time="0.43"/>
  <testcase name="whenDuplicateLogin_thenUserNotUpdate" classname="ru.dnina.server.testIntegration.services.UserServiceImplIntegrationTest" time="0.44"/>
  <testcase name="whenOldPasswordIsNotCorrect_thenPasswordUserNotUpdate" classname="ru.dnina.server.testIntegration.services.UserServiceImplIntegrationTest" time="0.549"/>
  <testcase name="whenNotValidId_thenUserShouldBeNotFound" classname="ru.dnina.server.testIntegration.services.UserServiceImplIntegrationTest" time="0.403"/>
  <testcase name="whenIncorrectPasswordForm_thenPasswordUserNotUpdate" classname="ru.dnina.server.testIntegration.services.UserServiceImplIntegrationTest" time="0.419"/>
  <testcase name="whenValidData_thenPasswordUserUpdate" classname="ru.dnina.server.testIntegration.services.UserServiceImplIntegrationTest" time="0.887"/>
  <testcase name="whenIncorrectRoleForm_thenRoleUserNotUpdate" classname="ru.dnina.server.testIntegration.services.UserServiceImplIntegrationTest" time="0.415"/>
  <testcase name="whenNotValidId_thenRoleUserNotUpdate" classname="ru.dnina.server.testIntegration.services.UserServiceImplIntegrationTest" time="0.389"/>
  <testcase name="whenValidData_thenRoleUserUpdate" classname="ru.dnina.server.testIntegration.services.UserServiceImplIntegrationTest" time="0.46"/>
  <testcase name="whenIncorrectUpdateForm_thenUserNotUpdate" classname="ru.dnina.server.testIntegration.services.UserServiceImplIntegrationTest" time="0.398"/>
</testsuite>